#Generated by stock-etf-weight.py, as a static lookup table to quickly join commonbuy stock with ETF and weights
A MJJ 9.66%
AA PYZ 3.33%
AAP KLDW 0.86%
AAT
AB
ABB SIMS 2.64%
ABBV MJJ 9.44%
ABC PPH 4.55%
ABEV ILF 2.87%
ABG PSCD 2.09%
ABM EVX 3.52%
ABR MORT 4.59%
ABT IHI 14.35%
ACA AIRR 3.02%
ACB
ACC
ACEL
ACH
ACI FXG 3.72%
ACM FIW 3.67%
ACN CIBR 5.28%
ADC NETL 3.80%
ADCT
ADM FTXG 8.02%
ADNT
ADS PSC 0.90%
ADT SNSR 4.17%
ADX
AEB
AEE JHMU 3.35%
AEG
AEL KIE 2.22%
AEM GDX 5.11%
AEO
AER AVDV 0.65%
AES RYU 4.60%
AFC
AFG KBWP 4.44%
AFL IAK 4.43%
AG GDXJ 2.77%
AGCO SYV 3.40%
AGI GDXJ 2.23%
AGO KIE 2.40%
AGR FXU 4.33%
AI LRNZ 4.67%
AIG KBWP 7.99%
AIN
AIO
AIR
AIRC CSD 4.62%
AIT PSCI 1.82%
AIZ
AIZP
AJAX
AJG WBIL 3.90%
AJRD ROKT 5.26%
AKR
AL
ALB LIT 11.06%
ALC BMED 1.77%
ALE HSMV 1.58%
ALEX
ALG ISMD 0.52%
ALK JETS 4.32%
ALL KBWP 7.70%
ALLE RGI 1.43%
ALLY DVLU 2.77%
ALSN STMB 0.77%
ALV
ALX
AM MLPX 4.94%
AMC
AMCR WBIF 4.70%
AME PRN 3.59%
AMG FOVL 3.34%
AMH NURE 5.19%
AMK
AMN PSCH 2.90%
AMOV
AMP WBIF 4.88%
AMRC SULR 4.13%
AMT SRVR 14.18%
AMWL PSJ 3.06%
AMX
AN DVLU 2.74%
ANET IGN 7.94%
ANF
ANTM IHF 8.87%
AON WBIF 4.32%
AOS WBIL 4.33%
APAM SDIV 1.31%
APD IYM 7.70%
APG AIRR 3.18%
APH PXQ 4.02%
APLE ROOF 2.26%
APO IVSG 3.90%
APSG
APTV GRID 9.08%
AQN
AQUA EVX 3.49%
AR PXE 3.99%
ARCO ARGT 2.95%
ARD
ARE ICF 3.65%
ARES
ARGO
ARI MORT 4.04%
ARMK
ARNC PSCM 4.50%
AROC PXJ 4.72%
ARW XMVM 2.10%
ASAN
ASB VETS 2.19%
ASGN
ASH
ASR EMIF 5.03%
ASX
ATC
ATCO
ATGE XMLV 1.48%
ATH DVLU 2.61%
ATHM CHIC 4.12%
ATI XME 4.68%
ATKR BOUT 6.18%
ATO UTES 4.16%
ATR XMLV 1.60%
ATUS IEME 2.11%
AU GDX 3.68%
AUY GDXJ 3.99%
AVA PSCU 6.59%
AVAL GXG 4.16%
AVB REZ 6.68%
AVLR BUYZ 2.40%
AVNS
AVNT
AVTR PYZ 3.69%
AVY CUT 5.17%
AVYA WFH 3.77%
AWF
AWI
AWK CGW 9.13%
AWR PSCU 7.32%
AX
AXL HAIL 1.94%
AXP DFNL 5.68%
AXS KBWP 3.79%
AXTA
AYI ACES 3.44%
AYX THNQ 1.67%
AZEK
AZO WLDR 1.62%
AZRE
AZUL BRF 4.47%
AZZ
B
BA ITA 18.72%
BABA ADRE 17.43%
BAC KBWB 7.85%
BAH SHLD 3.35%
BAK
BALY SDVY 1.14%
BAM
BAP EPU 23.23%
BAX IHI 2.90%
BB ROBT 3.27%
BBD ILF 4.86%
BBDO
BBL FTRI 10.56%
BBN
BBU
BBVA
BBY ZIG 3.61%
BC XMHQ 1.82%
BCAT
BCC AFSM 0.97%
BCE TDIV 1.82%
BCH
BCO
BCS BLCN 1.77%
BDC
BDJ
BDN KBWY 3.31%
BDX IHI 4.35%
BE SIMS 4.05%
BEKE CHIR 5.52%
BEN SDY 1.71%
BEP
BEPC VTWV 0.45%
BERY JSMD 1.86%
BEST
BFAM EDUT 7.13%
BFT
BG FXG 3.73%
BGS DIV 6.54%
BHC PJP 3.79%
BHE
BHP BATT 6.04%
BHVN
BIF
BIG QVAL 2.34%
BILL FINX 5.35%
BIO GERM 5.11%
BIP
BIPC
BJ PAMC 1.66%
BK DFNL 4.02%
BKE DGRS 1.61%
BKH
BKI FINX 3.13%
BKR PXJ 6.85%
BKU KBWR 2.11%
BLD ITB 3.77%
BLK SCHD 3.64%
BLL PPA 3.69%
BMI SIMS 2.87%
BMO
BMY FTXH 7.13%
BNL
BNS
BOH
BOOT XRT 1.32%
BOX
BP
BPMP AMZA 9.08%
BR HUSV 1.92%
BRC TMDV 1.53%
BRFS
BRMK MORT 3.55%
BRO FEVR 2.43%
BRX BLDG 1.73%
BSA
BSAC
BSBR
BSIG
BSM RYJ 0.72%
BSMX
BST
BSTZ
BSX IHI 4.07%
BTG GDXJ 3.61%
BTI GCOW 1.98%
BTT
BTZ
BUD
BUR
BURL
BV
BVN EPU 5.06%
BWA FTXR 3.97%
BWXT
BX PSP 3.35%
BXMT MORT 4.75%
BXMX
BXP
BXS
BYD PEJ 3.11%
C KBWB 7.74%
CABO FEVR 2.30%
CACI ROKT 4.16%
CADE SDVY 1.13%
CAE
CAG AMER 3.79%
CAH WBIG 4.13%
CAJ
CALX XTL 3.47%
CANG
CARR CSD 6.58%
CAT DJD 4.25%
CB IAK 12.00%
CBD
CBRE XLRE 2.83%
CBT
CBU PSCF 1.58%
CBZ
CC JDIV 0.74%
CCEP EWN 1.72%
CCF
CCI SRVR 13.77%
CCIV SPAK 4.36%
CCJ NLR 5.91%
CCK
CCL SPHB 1.26%
CCS PKB 3.32%
CCU
CCZ
CDAY IVOO 0.67%
CDE SGDJ 4.95%
CE IYM 2.07%
CEA
CEO
CEQP BMLP 6.33%
CF FXZ 4.01%
CFG FTXO 3.86%
CFR KBWR 3.09%
CFX
CFXA
CHCT
CHD PSL 4.36%
CHE OSCV 2.10%
CHGG EDUT 8.84%
CHH
CHT
CHWY PAWZ 10.62%
CI IHF 4.15%
CIB GXG 15.07%
CIEN IGN 4.39%
CIG
CIM MORT 4.90%
CIT FGD 1.62%
CIXX
CL DEMZ 4.55%
CLB PXJ 6.02%
CLDR ACTV 2.94%
CLF PSCM 13.96%
CLGX
CLH EVX 4.01%
CLI
CLM
CLNC
CLNY
CLR FXN 5.62%
CLS
CLVT SPAK 3.61%
CLX AMER 4.15%
CM
CMA KRE 3.26%
CMC XME 4.61%
CMD RNSC 1.29%
CMG LYFE 5.45%
CMI JHMI 1.74%
CMP XME 4.33%
CMRE
CMS UTES 4.71%
CMSA
CNA DON 1.00%
CNC IHF 4.10%
CNHI FTAG 3.58%
CNI
CNK
CNMD PSCH 2.81%
CNNE
CNO XMVM 1.88%
CNP
CNQ IGE 2.03%
CNR
CNS
CNX FTXN 4.34%
CODI DIV 2.68%
COF DFNL 10.67%
COG FTXN 6.49%
COLD INDS 11.50%
COO
COP IEO 18.18%
COR VPN 4.38%
COTY PSL 2.64%
CP
CPA
CPB FTXG 3.47%
CPG
CPK PSCU 3.83%
CPRI LUXE 2.65%
CPT NURE 5.06%
CQP BMLP 6.49%
CR VNMC 2.80%
CRC
CRH
CRHC
CRI
CRK CBTG 3.52%
CRL BBH 3.68%
CRM IGV 8.02%
CRS XME 5.10%
CS
CSL
CSTM
CTB
CTLT PPH 5.55%
CTS
CTVA CSD 7.51%
CUB XAR 3.80%
CUBE NURE 4.20%
CUK
CUZ KNGS 4.71%
CVA EVX 3.86%
CVE FRAK 5.02%
CVI
CVNA FTXD 3.34%
CVS IHF 11.93%
CVX XLE 20.87%
CW
CWEN USVM 0.45%
CWH SQLV 0.77%
CWK
CWT PSCU 7.31%
CX AADR 2.55%
CXP
CYH RWJ 1.25%
CZZ
D NLR 7.26%
DAL JETS 9.92%
DAN XMVM 1.72%
DAO
DAR FTXG 10.75%
DASH
DAVA
DB
DBD SSLY 0.62%
DCI EVX 3.71%
DCP BMLP 6.97%
DCUE
DD IYM 5.18%
DDD PRNT 6.44%
DDS FNDA 0.36%
DE VEGI 18.97%
DEA PPTY 2.65%
DECK CHGX 1.15%
DEI
DELL WLDR 2.01%
DEN PXE 7.08%
DEO
DFS TPAY 4.51%
DG FTXD 5.68%
DGNR
DGX GERM 4.50%
DHI ITB 14.22%
DHR PIO 8.05%
DHT PXJ 4.52%
DIN
DIS IYC 7.93%
DK VRAI 1.47%
DKL DIV 3.78%
DKS WBIG 5.46%
DLB OUSM 2.32%
DLR VPN 9.27%
DLX DGRS 1.31%
DM PRNT 4.35%
DNB
DNMR SPAK 2.08%
DNOW
DNP
DOC ROOF 3.01%
DOOR
DOV
DOW DJD 8.23%
DPZ LEAD 2.43%
DQ TAN 7.27%
DRE INDS 15.00%
DRH
DRI AVDR 2.26%
DRQ PSCE 3.27%
DRUA
DSL
DT PXQ 3.22%
DTE UTES 4.64%
DTJ
DTW
DTY
DUK XLU 7.80%
DUKH
DVA QSY 1.73%
DVN FRAK 7.05%
DXC NUSC 0.61%
DY PKB 3.31%
E
EAF FXZ 4.15%
EAI
EAT PEZ 3.20%
EB
EBR
EBS GERM 4.10%
EC GXG 11.06%
ECL EVX 9.42%
ED DEMZ 4.30%
EDU EDUT 8.86%
EFX
EGHT CCON 4.25%
EGO GDXJ 1.89%
EGP INDS 4.32%
EHC OUSM 2.10%
EIX UTES 4.43%
EL PSL 4.25%
ELAN IHE 4.31%
ELF
ELP
ELS NURE 4.90%
ELY PSCD 1.93%
EME NIFE 2.89%
EMN FXZ 3.82%
EMR FLV 4.04%
ENB EINC 8.37%
ENBA
ENBL BMLP 6.60%
ENIA EMIF 3.49%
ENIC
ENLC MLPX 4.27%
ENR
ENS
ENV
ENVA LEND 5.23%
EOG IEO 9.97%
EOS
EPAC
EPAM PTF 3.00%
EPC
EPD IMLP 13.75%
EPR NETL 4.24%
EPRT NETL 4.17%
EQC ABEQ 3.17%
EQH SYV 2.09%
EQNR
EQR REZ 6.63%
EQT FTXN 7.38%
EQX GDXJ 1.87%
ERF
ERJ BRF 2.10%
ES UTES 5.05%
ESE ISMD 0.51%
ESI FTHI 2.91%
ESNT NIFE 2.77%
ESRT
ESS NURE 5.10%
ESTC LRNZ 4.51%
ET MLPA 10.84%
ETG
ETN SMOG 7.61%
ETR NLR 4.67%
ETRN MLPX 3.87%
ETV
ETW
ETY
EURN
EV OUSM 2.04%
EVA
EVH ACTV 2.84%
EVR FOVL 3.42%
EVRG RYU 3.52%
EVRI
EVT
EVTC
EVV
EW IHI 3.94%
EXG
EXP PKB 2.95%
EXR NURE 4.92%
F FTXR 9.08%
FAF FXO 1.70%
FAX
FBC EES 0.94%
FBHS WBIE 4.86%
FBK
FBP
FCF
FCN
FCPT
FCX IYM 6.23%
FDP RZV 1.07%
FDS XMHQ 2.39%
FDX IYT 12.13%
FE RYU 3.63%
FFC
FFG
FHI
FHN KRE 2.84%
FICO XMHQ 2.79%
FINV
FIS IPAY 4.77%
FIX AIRR 3.35%
FL XMVM 1.74%
FLO SMMV 1.05%
FLOW
FLR RWK 1.11%
FLS FIW 3.58%
FLT TPAY 3.94%
FMC NANR 3.79%
FMS
FMX EDIV 2.83%
FN PSCT 2.20%
FNB SQLV 0.66%
FND PKB 2.96%
FNF OUSM 1.95%
FNV GDX 6.22%
FOE
FOR
FOUR
FPF
FR INDS 4.20%
FRC FTXO 7.55%
FRO PXJ 5.63%
FRT EWRE 3.37%
FSK BIZD 4.61%
FSKR BIZD 4.84%
FSLY CLOU 4.94%
FSM
FSR
FSS AIRR 2.99%
FTAI DIV 3.72%
FTCH LUXE 2.95%
FTI OIH 4.59%
FTS
FTV UTRN 4.12%
FUBO IRBO 1.14%
FUL PSCM 5.51%
FUN
FVRR BUYZ 5.89%
G
GAB
GATX
GB
GBX RZV 1.25%
GCP ACTV 2.70%
GD SHLD 7.76%
GDDY EBIZ 4.00%
GDOT XSHQ 1.56%
GDV
GE SHLD 6.05%
GEF DGRS 1.66%
GEO KBWY 6.06%
GES
GFF
GFI GDXJ 5.67%
GFL EVX 3.61%
GGB SLX 3.89%
GGG XMHQ 2.59%
GHC RFV 1.89%
GHG
GIB
GIL
GIS FTXG 6.91%
GKOS PSCH 3.42%
GL
GLOB ARGT 20.93%
GLW WBIG 3.91%
GM FTXR 8.78%
GME GAMR 4.79%
GMED
GMS
GNL KBWY 4.80%
GNRC BOUT 7.00%
GNW XMVM 2.00%
GOL
GOLD GDX 10.48%
GOLF
GOOS
GPC RNDV 1.46%
GPI CALF 2.04%
GPK
GPN IPAY 4.37%
GPS RVRS 0.86%
GRA
GRUB ONLN 4.00%
GS IAI 19.23%
GSAH
GSAT
GSBD BIZD 4.37%
GSK
GSX EDUT 4.83%
GTES
GTLS PSCI 3.10%
GTN
GTY
GVA
GWB SDVY 1.16%
GWRE FINX 3.07%
GWW VSL 4.05%
H
HAE JHSC 0.54%
HAL IEZ 20.30%
HASI MORT 5.36%
HBI SDOG 2.54%
HBM
HCA IHF 4.66%
HCC XME 4.57%
HCXY
HCXZ
HD RTH 10.65%
HDB FNI 6.19%
HE FXU 3.24%
HEI ROKT 4.22%
HEP BMLP 6.58%
HES FRAK 5.40%
HFC RYE 4.34%
HGH
HGV
HHC KNGS 4.34%
HI KSCD 2.28%
HIG KBWP 4.21%
HII WBIE 4.22%
HIMS
HIW PPTY 1.80%
HKIB
HL SILJ 11.92%
HLF BFIT 3.47%
HLI IAI 2.10%
HLT PEJ 4.21%
HMC
HMI CCON 2.71%
HMN HSMV 1.58%
HMY SILJ 2.70%
HNI
HNP
HOG
HOME FYC 0.83%
HON PPA 6.20%
HP PSCE 8.11%
HPE GBDV 3.92%
HPP
HPQ SDEI 5.61%
HQH
HR
HRB SDEI 3.91%
HRC RNMC 1.92%
HRI
HRL AMER 4.22%
HSBC AVDE 0.43%
HSC
HSY PBJ 4.56%
HTA
HTGC BIZD 5.27%
HTH
HUBB VNMC 2.17%
HUBS MRAD 3.03%
HUM IHF 3.95%
HUN FXZ 4.04%
HUYA NERD 5.69%
HWM XAR 3.69%
HXL ROKT 3.99%
HY CSB 1.67%
HYLN
HYT
IAA CSD 6.75%
IAG
IBA
IBM TDIV 7.10%
IBN FNI 7.19%
IBP PSCD 1.95%
ICE IAI 3.99%
ICL
IDA EMLP 3.19%
IEX PHO 3.72%
IFF IYM 4.63%
IFS
IGT
IH
IHG
IIPR YOLO 7.18%
IMAX
IMO
INFO LRGE 2.43%
INFY FNI 6.17%
ING
INGR FXG 4.41%
INN
INSP FNY 0.80%
INT RFV 2.09%
INVH NURE 4.96%
IP CUT 4.27%
IPG WBIF 4.59%
IPOE
IPOF
IQV BBH 4.90%
IR
IRM SRVR 5.21%
IRT HOMZ 1.51%
IT GSEW 0.22%
ITCB
ITGR
ITT
ITUB ILF 5.81%
ITW VSL 4.07%
IVZ DVLU 3.32%
IX
J SHLD 4.07%
JBGS
JBL RWK 2.06%
JBT BOTZ 3.49%
JCI GRID 8.04%
JEF RDVY 2.26%
JELD
JHG
JHX
JKS TAN 3.00%
JLL MFMS 4.55%
JMIA AFK 6.22%
JNJ IHE 23.31%
JNPR IGN 7.98%
JOE RZG 1.52%
JPM IYG 12.21%
JPS
JWN
JWS
K FTXG 3.29%
KAI
KAMN
KAR
KB
KBH QVAL 2.19%
KBR FLM 3.04%
KEN
KEP NLR 4.53%
KEX IYT 2.79%
KEY KBWB 3.74%
KEYS FIVG 3.27%
KFY
KGC GDX 3.34%
KIM EWRE 3.78%
KKR PSP 3.38%
KL
KMB SDG 2.79%
KMI
KMPR
KMT
KMX RCD 1.99%
KN
KNX FTXR 7.43%
KO IECS 11.07%
KOS
KR FTXD 7.02%
KRA
KRC
KREF XSHD 2.97%
KRG BLDG 1.72%
KRO
KSS RFV 1.87%
KSU IYT 9.73%
KT
KTB DES 1.15%
KW
KWR PSCM 6.87%
L ABEQ 4.73%
LAC REMX 6.52%
LAD KSCD 2.47%
LADR MORT 3.39%
LAZ IAI 2.83%
LB DVLU 2.62%
LBRT OIH 2.42%
LCII PSCD 2.42%
LDOS SHLD 4.04%
LEA FTXR 4.03%
LEG RVRS 0.65%
LEN ITB 13.39%
LEVI
LFC
LGVW
LH GERM 5.21%
LHX ITA 4.42%
LII PKB 4.26%
LIN IYM 18.21%
LINX
LLY PPH 6.18%
LMND ITEQ 3.01%
LMT PPA 6.19%
LNC LYFE 3.18%
LNG FTXN 7.84%
LNN KSCD 2.63%
LOMA
LOW RTH 5.28%
LPL
LPX FTHI 2.77%
LRN FYT 0.77%
LSI INDS 4.72%
LSPD
LTC SRET 3.38%
LTHM PSCM 5.31%
LU LEND 15.93%
LUMN EWCO 4.60%
LUV JETS 10.66%
LVS BJK 6.89%
LW RHS 3.13%
LXP INDS 4.46%
LYB SDEI 5.36%
LYG
LYV EWCO 4.66%
LZB
M PSCD 3.15%
MA IYG 8.44%
MAA NURE 5.27%
MAC RDOG 2.52%
MAG
MAIN BIZD 5.03%
MAN RWK 1.25%
MANU
MAS XHB 3.71%
MATX IYT 3.12%
MAX
MAXR ROKT 6.75%
MBT RSX 2.92%
MC KCE 2.10%
MCD DIA 4.48%
MCK PPH 4.43%
MCO DEMZ 3.43%
MCY PEY 2.63%
MD CCON 3.06%
MDC PSCD 2.09%
MDLA MRAD 3.67%
MDP PSCU 3.10%
MDT IHI 10.21%
MDU FXR 1.30%
MED FTXG 9.90%
MEI
MET IAK 6.80%
MFA MORT 4.43%
MFC
MFG
MFGP
MGA
MGM BJK 4.87%
MGP
MGY PXE 3.00%
MHK DVLU 2.85%
MHLA
MHO PKB 3.03%
MIC
MKC VSL 4.02%
MKL DFNL 4.88%
MLI
MLM PKB 5.09%
MMC LGLV 1.48%
MMI
MMM DJD 4.41%
MMP MLPB 10.11%
MMS SMMV 0.98%
MNR INDS 4.94%
MNSO
MO FDL 5.59%
MODN
MOH IHF 2.08%
MOS RTM 4.23%
MP SPAK 1.99%
MPC IEO 9.20%
MPLN
MPLX AMZA 17.96%
MPW REZ 3.81%
MRK FTXH 6.91%
MRO FXN 5.40%
MS IAI 19.52%
MSA TMDV 1.55%
MSC
MSCI PFI 4.13%
MSGE
MSGS
MSI IGN 7.35%
MSM OUSM 2.15%
MSP
MT SLX 7.37%
MTB DEMZ 5.48%
MTD MJJ 9.91%
MTDR PSCE 5.89%
MTG
MTH PSCD 2.22%
MTN
MTOR EES 0.73%
MTRN PSCM 2.59%
MTX
MTZ FLM 3.78%
MUFG
MUR FCG 3.32%
MUSA
MWA AIRR 2.91%
MXL
MYOV
MYTE
NAC
NAD
NAV
NBHC
NCLH SPHB 1.26%
NCR
NEA
NEE UTES 20.50%
NEM RING 19.24%
NEP ECLN 10.91%
NET IVES 3.35%
NEU FXZ 3.61%
NEWR
NEXA
NFG REGL 1.80%
NFH
NFJ
NG
NGD
NGG PID 2.89%
NGVT
NHC RNSC 1.33%
NHI KBWY 3.37%
NI UTES 4.31%
NIO KGRN 9.78%
NJR
NKE IYK 5.56%
NLSN WBIE 3.19%
NLY REM 17.70%
NMR
NMZ
NNI
NNN NETL 8.27%
NOAH
NOC SHLD 6.25%
NOK FIVG 2.91%
NOMD
NOV PXJ 6.00%
NOVA TAN 2.99%
NOW LYFE 5.28%
NPO
NRG FXU 4.76%
NRK
NRZ REM 5.93%
NS AMZA 15.26%
NSA RDOG 2.53%
NSC IYT 11.55%
NSP
NSS
NTB DINT 4.30%
NTCO
NTR MOO 5.87%
NUE AMER 5.11%
NUS FXG 3.15%
NUV
NVG
NVO PPH 4.84%
NVR ITB 8.54%
NVRO DWEQ 2.69%
NVS PPH 4.77%
NVST XHE 1.46%
NVT CSD 3.33%
NVTA EDOC 3.58%
NWG
NWN PSCU 3.72%
NXE
NXRT
NYCB FTXO 3.49%
NYT XMLV 1.51%
NZF
O NETL 7.72%
OC WBIL 3.69%
OCFT
OEC
OFC
OGE
OGS
OHI OLD 5.22%
OI XMVM 1.76%
OKE MLPX 8.11%
OLN FOVL 4.24%
OMC EWCO 4.17%
OMF PY 2.54%
OMI RNSC 1.33%
ONTF
ONTO QTUM 1.51%
OR
ORA ITEQ 4.97%
ORAN
ORCC BIZD 6.97%
ORCL IGV 5.08%
ORI WBIG 4.79%
OSH
OSK SHLD 3.33%
OTIS CSD 6.72%
OUT
OVV PXE 3.29%
OXM
OXY FRAK 6.99%
PAC EMIF 6.07%
PACK
PAG FOVL 2.94%
PAGS FINX 3.98%
PANW BUG 7.48%
PAR
PAYC CLOU 3.81%
PB KBWR 3.23%
PBA EINC 6.10%
PBB
PBF PSCE 2.62%
PBH FTXH 4.66%
PBI OMFS 0.54%
PBR ILF 4.51%
PBY
PCG NLR 5.40%
PCI
PD WCLD 2.47%
PDI
PDM
PEAK OLD 10.23%
PEB ROOF 2.16%
PEG NLR 6.21%
PEN MFMS 3.72%
PFE IHE 15.86%
PFGC VTWV 0.52%
PFS SMLV 0.62%
PFSI EZM 0.62%
PG XLP 15.79%
PGR IAK 8.11%
PGRE
PGTI
PH PAVE 2.94%
PHG
PHI
PHM ITB 6.88%
PHR BFTR 3.44%
PII
PING PXQ 3.50%
PINS IPO 7.08%
PIPR STSB 0.53%
PJT
PK PFI 2.86%
PKG CUT 4.37%
PKI MJJ 7.03%
PKX SLX 6.56%
PLAN LRNZ 4.55%
PLD INDS 14.58%
PLNT BFIT 2.73%
PLOW AIRR 3.05%
PLT WFH 6.76%
PLTR IPO 4.15%
PM WBIY 7.79%
PMT MORT 4.50%
PNC IAT 11.77%
PNM
PNR PIO 5.85%
PNW FXU 4.00%
POR
POST
PPG JHMA 4.58%
PPL JHMU 4.71%
PQG
PRA
PRG REGL 1.83%
PRGO UTRN 4.09%
PRI WBIL 4.59%
PRK
PRLB PRNT 4.07%
PRMW
PRO
PRPB
PRSP CSD 3.38%
PRU IAK 4.42%
PSA SPRE 12.04%
PSB INDS 4.38%
PSN SIMS 2.61%
PSO
PSTG ENTR 2.95%
PSTH SPAK 4.82%
PSX IEO 9.52%
PSXP MLPB 6.59%
PTR
PTY
PUK
PVG
PVH SPHB 1.26%
PWR GRID 3.94%
PXD FRAK 10.56%
QGEN PBE 4.41%
QS
QSR
QTS VPN 3.45%
QTWO MFMS 3.81%
QUOT
R IYT 3.26%
RAAS
RACE
RAD XRT 1.29%
RAMP
RBA
RBC SYV 2.80%
RCI
RCL
RCUS CNCR 4.06%
RDN
RDY FNI 3.04%
RE KBWP 3.98%
RELX
RES
REXR INDS 4.26%
REZI SIMS 3.38%
RF FTXO 3.99%
RGA NIFE 4.20%
RGR
RH XHB 4.24%
RHI SPDV 1.87%
RHP ROOF 2.82%
RIG PXJ 7.10%
RIO SLX 15.38%
RJF IAI 4.79%
RKT
RL RDVY 2.08%
RLGY PFI 2.49%
RLI KBWP 4.06%
RLJ
RLX
RMAX
RMD IHI 2.12%
RMO
RNG EDUT 5.47%
RNP
RNR
ROG PSCT 2.27%
ROK PAVE 2.75%
ROL PSL 2.94%
ROP PHO 6.80%
RPAI ROOF 1.78%
RPM PYZ 3.38%
RQI
RRC FTXN 8.56%
RS FXZ 4.67%
RSG EVX 9.00%
RSI BETZ 3.35%
RTP
RTX ITA 18.17%
RVLV IBUY 3.56%
RVT
RWT
RXN PHO 3.10%
RY
RYN WOOD 7.99%
RZA
RZB
SA
SAFE NETL 3.35%
SAH CALF 1.82%
SAIC SHLD 4.10%
SAIL BUG 4.52%
SAM FTXG 4.46%
SAN
SAND
SAP
SAVE JETS 4.90%
SBE
SBH
SBS
SBSW AADR 3.87%
SC
SCCO EPU 16.90%
SCHW IAI 7.84%
SCI OUSM 2.01%
SCL PSCM 4.82%
SCS
SCU
SE WUGI 7.42%
SEAS
SEB
SEE CUT 2.60%
SEM PSCH 2.37%
SENS
SF IAI 3.60%
SGFY
SHAK PSCD 3.11%
SHG
SHI
SHLX AMZA 5.80%
SHO ROOF 1.92%
SHOP FDNI 8.62%
SHW XLB 6.87%
SI FDM 4.58%
SID SLX 4.72%
SIG CALF 2.77%
SILV
SIM
SITC
SITE FLQS 0.88%
SIX
SJI PSCU 3.93%
SJIU
SJM FTXG 7.18%
SJR TDIV 1.84%
SJW
SKLZ VUSE 0.69%
SKM
SKT
SKX
SKY CBSE 4.38%
SLB IEZ 22.61%
SLF
SLG VRAI 1.19%
SLQT
SM PXI 5.23%
SMAR WCLD 2.05%
SMFG
SMG FXZ 5.44%
SNA WBIL 4.57%
SNAP SOCL 9.97%
SNDR XTN 2.61%
SNE CBSE 3.74%
SNN
SNOW
SNP
SNV
SNX
SO
SOGO
SOJB
SOJC
SOL CNRG 8.20%
SON
SPB FTHI 2.70%
SPCE ROKT 6.93%
SPG ICF 5.55%
SPGI FDG 2.78%
SPOT PBS 4.82%
SPR XAR 3.60%
SPXC
SQ ARKF 9.42%
SQM LIT 4.18%
SR
SRC NETL 4.12%
SRE UTES 5.49%
SRG
SSD
SSL
SSTK ONLN 2.70%
ST SNSR 4.99%
STAG INDS 4.31%
STAR REM 2.11%
STC
STE EVX 3.45%
STL KBE 2.01%
STLA
STM BOUT 3.93%
STN
STOR NETL 7.52%
STPK
STT VSL 4.04%
STWD REM 8.32%
STZ TOKE 4.27%
SU
SUI NURE 4.74%
SUM FYT 0.69%
SUN BMLP 6.30%
SUZ
SVM
SWCH RYJ 0.70%
SWI
SWK
SWM PSCM 2.39%
SWN PSCE 7.51%
SWX REGL 1.82%
SXI KSCD 2.25%
SXT CSB 1.48%
SYF ZIG 3.61%
SYK IHI 4.25%
SYX CSB 1.74%
SYY PBJ 4.73%
T IYZ 20.36%
TAC
TAK ARKG 2.88%
TAL EDUT 10.54%
TAP FXG 3.95%
TARO
TBA
TBB
TCP MLPB 5.67%
TD
TDA
TDC MGMT 4.27%
TDE
TDG PSP 4.62%
TDI
TDJ
TDOC ARKG 8.10%
TDS RFV 2.20%
TDY ITA 4.37%
TECK
TEF ICOW 1.89%
TEL JKG 1.47%
TEO ARGT 2.55%
TEVA EIS 7.55%
TEX
TFC IAT 12.56%
TFII
TFX BMED 1.75%
TGH
TGNA FYT 0.72%
TGP
TGT FTXD 6.87%
THC GURU 2.50%
THG KBWP 3.83%
THO QVAL 2.29%
THS XMLV 1.50%
TIMB
TIXT
TJX RTH 4.42%
TKC
TKR FXZ 4.32%
TLK IDX 6.75%
TM AVDE 0.54%
TME CQQQ 4.44%
TMHC ITB 1.99%
TMO IHI 12.42%
TMP
TMX
TNC EVX 3.68%
TNET
TOL XHB 3.86%
TOT TEQI 1.80%
TPB TOKE 3.61%
TPGY
TPH XMVM 2.02%
TPL MGMT 2.70%
TPR RCD 2.00%
TPX PSL 2.53%
TR XMLV 1.66%
TREX CWS 4.80%
TRGP PYPE 6.13%
TRI
TRN ACTV 2.77%
TRNO ROOF 3.23%
TROX REMX 4.02%
TRP EINC 7.38%
TRQ
TRTN
TRU
TRV KBWP 8.33%
TRXC
TS OIH 4.51%
TSE PSCM 4.13%
TSLX BIZD 4.32%
TSM ADRE 22.60%
TSN GRES 4.16%
TT PKB 4.51%
TTC PHO 4.02%
TTM FNI 5.61%
TU TDIV 1.99%
TUP PSL 3.42%
TV
TWLO LRNZ 6.65%
TWO MORT 4.27%
TWTR FNGS 12.89%
TX SLX 3.91%
TXT XAR 3.57%
TY
TYL DVOL 2.99%
U LRNZ 4.21%
UA
UAA IUSS 0.40%
UBER IPO 9.71%
UBS
UDR NURE 5.14%
UE
UFS RFV 1.98%
UGI FXU 4.61%
UGP EMIF 6.72%
UHS IHF 1.71%
UI IGN 4.53%
UIS XSW 0.71%
UL FLV 4.43%
UMC ECOW 2.36%
UNF PSCI 2.10%
UNFI RWJ 4.29%
UNH IHF 20.64%
UNM RDIV 2.49%
UNMA
UNP IYT 9.58%
UNVR
UPS IYT 7.80%
URI PAVE 2.62%
USA
USAC PXJ 4.87%
USB IAT 11.26%
USFD PSL 3.09%
USM EES 0.56%
USNA SIXS 1.28%
USPH OSCV 2.11%
UTF
UTG
UTZ
UVV PSCC 3.39%
UWMC
UZA
UZB
UZC
V IYG 10.04%
VAC SYLD 1.47%
VALE SLX 14.53%
VAR
VCRA ROBO 1.57%
VEDL COPX 6.37%
VEEV HELX 3.03%
VER
VFC
VGR PSCC 3.55%
VICI BJK 3.98%
VIPS EBIZ 4.05%
VIV
VLO CRAK 6.11%
VLRS
VMC AMER 4.98%
VMI FIW 4.11%
VMW IHAK 3.58%
VNE HAIL 2.07%
VNO
VNT CSD 4.87%
VOYA
VRT SPAK 2.34%
VSH DGRS 1.30%
VST FXU 4.56%
VSTO CALF 1.81%
VTR OLD 11.51%
VVNT SPAK 1.51%
VVV
VZ IYZ 20.06%
W ONLN 4.40%
WAB RGI 1.44%
WAL FTXO 9.50%
WALA
WAT MJJ 9.64%
WBK
WBS FOVL 3.04%
WBT
WCC ETHO 0.73%
WCN EVX 9.26%
WD PSCF 1.24%
WDR CSB 1.57%
WEC UTES 4.07%
WELL OLD 16.82%
WES AMZA 9.66%
WEX JKJ 0.91%
WF
WFC KBWB 8.07%
WFG
WGO
WH CSD 4.18%
WHD PXJ 4.63%
WHR XHB 3.92%
WIT IPKW 5.38%
WK WCLD 2.55%
WLK FXZ 4.76%
WLL
WM EVX 9.32%
WMB PYPE 7.73%
WMK CSB 1.34%
WMS PHO 5.09%
WMT XLP 9.92%
WNS BICK 1.69%
WOR XME 4.89%
WORK EDUT 5.43%
WOW
WPC NETL 7.37%
WPF
WPM GDX 4.93%
WPP
WRB KBWP 3.89%
WRE
WRI
WRK CUT 4.30%
WSM XHB 4.42%
WSO MFMS 3.50%
WST IVDG 2.89%
WTM FTHI 2.60%
WTRG EBLU 4.29%
WTRU
WTS PSCI 2.00%
WU DON 1.03%
WWE
WWW
WY SPRE 8.82%
WYND
X PYZ 3.36%
XEC FCG 3.87%
XHR
XL
XOM XLE 24.52%
XPEV KGRN 5.54%
XPO FTXR 3.97%
XRX ACTV 2.75%
XYL CGW 8.90%
Y IVOV 0.86%
YALA
YELP SMDY 0.87%
YETI VIOG 1.15%
YEXT
YPF AGT 3.54%
YSG
YUM PEJ 4.12%
YUMC KBUY 4.28%
ZBH BTEC 2.54%
ZEN IVES 2.93%
ZIM
ZNH
ZOM
ZTO CHII 9.23%
ZTS PAWZ 9.09%
ZUO
ZYME